Determining if the pthread_create exist failed with the following output:
Change Dir: /home/alberto/turtlebot2i_ws/src/phantomx_pincher_arm/phantomx_pincher_arm_vrep_controller/CMakeFiles/CMakeTmp

Run Build Command:"/usr/bin/make" "cmTC_ccf53/fast"
/usr/bin/make -f CMakeFiles/cmTC_ccf53.dir/build.make CMakeFiles/cmTC_ccf53.dir/build
make[1]: Entering directory '/home/alberto/turtlebot2i_ws/src/phantomx_pincher_arm/phantomx_pincher_arm_vrep_controller/CMakeFiles/CMakeTmp'
Building C object CMakeFiles/cmTC_ccf53.dir/CheckSymbolExists.c.o
/usr/bin/cc     -o CMakeFiles/cmTC_ccf53.dir/CheckSymbolExists.c.o   -c /home/alberto/turtlebot2i_ws/src/phantomx_pincher_arm/phantomx_pincher_arm_vrep_controller/CMakeFiles/CMakeTmp/CheckSymbolExists.c
Linking C executable cmTC_ccf53
/usr/bin/cmake -E cmake_link_script CMakeFiles/cmTC_ccf53.dir/link.txt --verbose=1
/usr/bin/cc       CMakeFiles/cmTC_ccf53.dir/CheckSymbolExists.c.o  -o cmTC_ccf53 -rdynamic 
CMakeFiles/cmTC_ccf53.dir/CheckSymbolExists.c.o: In function `main':
CheckSymbolExists.c:(.text+0x16): undefined reference to `pthread_create'
collect2: error: ld returned 1 exit status
CMakeFiles/cmTC_ccf53.dir/build.make:97: recipe for target 'cmTC_ccf53' failed
make[1]: *** [cmTC_ccf53] Error 1
make[1]: Leaving directory '/home/alberto/turtlebot2i_ws/src/phantomx_pincher_arm/phantomx_pincher_arm_vrep_controller/CMakeFiles/CMakeTmp'
Makefile:126: recipe for target 'cmTC_ccf53/fast' failed
make: *** [cmTC_ccf53/fast] Error 2

File /home/alberto/turtlebot2i_ws/src/phantomx_pincher_arm/phantomx_pincher_arm_vrep_controller/CMakeFiles/CMakeTmp/CheckSymbolExists.c:
/* */
#include <pthread.h>

int main(int argc, char** argv)
{
  (void)argv;
#ifndef pthread_create
  return ((int*)(&pthread_create))[argc];
#else
  (void)argc;
  return 0;
#endif
}

Determining if the function pthread_create exists in the pthreads failed with the following output:
Change Dir: /home/alberto/turtlebot2i_ws/src/phantomx_pincher_arm/phantomx_pincher_arm_vrep_controller/CMakeFiles/CMakeTmp

Run Build Command:"/usr/bin/make" "cmTC_68098/fast"
/usr/bin/make -f CMakeFiles/cmTC_68098.dir/build.make CMakeFiles/cmTC_68098.dir/build
make[1]: Entering directory '/home/alberto/turtlebot2i_ws/src/phantomx_pincher_arm/phantomx_pincher_arm_vrep_controller/CMakeFiles/CMakeTmp'
Building C object CMakeFiles/cmTC_68098.dir/CheckFunctionExists.c.o
/usr/bin/cc    -DCHECK_FUNCTION_EXISTS=pthread_create   -o CMakeFiles/cmTC_68098.dir/CheckFunctionExists.c.o   -c /usr/share/cmake-3.5/Modules/CheckFunctionExists.c
Linking C executable cmTC_68098
/usr/bin/cmake -E cmake_link_script CMakeFiles/cmTC_68098.dir/link.txt --verbose=1
/usr/bin/cc   -DCHECK_FUNCTION_EXISTS=pthread_create    CMakeFiles/cmTC_68098.dir/CheckFunctionExists.c.o  -o cmTC_68098 -rdynamic -lpthreads 
/usr/bin/ld: cannot find -lpthreads
collect2: error: ld returned 1 exit status
CMakeFiles/cmTC_68098.dir/build.make:97: recipe for target 'cmTC_68098' failed
make[1]: *** [cmTC_68098] Error 1
make[1]: Leaving directory '/home/alberto/turtlebot2i_ws/src/phantomx_pincher_arm/phantomx_pincher_arm_vrep_controller/CMakeFiles/CMakeTmp'
Makefile:126: recipe for target 'cmTC_68098/fast' failed
make: *** [cmTC_68098/fast] Error 2


